Determining if the pthread_create exist failed with the following output:
Change Dir: /home/julian/JULIAN/Taller1/Wolfenstein-Taller1/build/CMakeFiles/CMakeTmp

Run Build Command:"/usr/bin/make" "cmTC_5bbdc/fast"
/usr/bin/make -f CMakeFiles/cmTC_5bbdc.dir/build.make CMakeFiles/cmTC_5bbdc.dir/build
make[1]: se entra en el directorio '/home/julian/JULIAN/Taller1/Wolfenstein-Taller1/build/CMakeFiles/CMakeTmp'
Building C object CMakeFiles/cmTC_5bbdc.dir/CheckSymbolExists.c.o
/usr/bin/cc    -o CMakeFiles/cmTC_5bbdc.dir/CheckSymbolExists.c.o   -c /home/julian/JULIAN/Taller1/Wolfenstein-Taller1/build/CMakeFiles/CMakeTmp/CheckSymbolExists.c
Linking C executable cmTC_5bbdc
/usr/bin/cmake -E cmake_link_script CMakeFiles/cmTC_5bbdc.dir/link.txt --verbose=1
/usr/bin/cc      -rdynamic CMakeFiles/cmTC_5bbdc.dir/CheckSymbolExists.c.o  -o cmTC_5bbdc 
CMakeFiles/cmTC_5bbdc.dir/CheckSymbolExists.c.o: En la función `main':
CheckSymbolExists.c:(.text+0x1b): referencia a `pthread_create' sin definir
collect2: error: ld returned 1 exit status
CMakeFiles/cmTC_5bbdc.dir/build.make:97: recipe for target 'cmTC_5bbdc' failed
make[1]: *** [cmTC_5bbdc] Error 1
make[1]: se sale del directorio '/home/julian/JULIAN/Taller1/Wolfenstein-Taller1/build/CMakeFiles/CMakeTmp'
Makefile:126: recipe for target 'cmTC_5bbdc/fast' failed
make: *** [cmTC_5bbdc/fast] Error 2

File /home/julian/JULIAN/Taller1/Wolfenstein-Taller1/build/CMakeFiles/CMakeTmp/CheckSymbolExists.c:
/* */
#include <pthread.h>

int main(int argc, char** argv)
{
  (void)argv;
#ifndef pthread_create
  return ((int*)(&pthread_create))[argc];
#else
  (void)argc;
  return 0;
#endif
}

